04/30/2022 05:53:29 PM : __main__ : 124 : Getting year stats 
04/30/2022 05:53:30 PM : __main__ : 57 : Getting winners and losers 
04/30/2022 05:53:30 PM : __main__ : 69 : Winners and losers captured 
04/30/2022 05:53:34 PM : __main__ : 84 : Getting team stats 
04/30/2022 05:53:34 PM : __main__ : 85 : url: https://www.basketball-reference.com/leagues/NBA_2019.html 
04/30/2022 05:53:34 PM : __main__ : 94 : Stats captured 
04/30/2022 05:53:35 PM : __main__ : 106 : Row_xpath2: //div[@id='div_advanced-team']//td/a[contains(text(), 'Toronto Raptors')]/../../* 
04/30/2022 05:53:35 PM : __main__ : 113 : Stats captured 2  
04/30/2022 05:53:37 PM : __main__ : 84 : Getting team stats 
04/30/2022 05:53:37 PM : __main__ : 85 : url: https://www.basketball-reference.com/leagues/NBA_2019.html 
04/30/2022 05:53:37 PM : __main__ : 94 : Stats captured 
04/30/2022 05:53:37 PM : __main__ : 106 : Row_xpath2: //div[@id='div_advanced-team']//td/a[contains(text(), 'Toronto Raptors')]/../../* 
04/30/2022 05:53:37 PM : __main__ : 113 : Stats captured 2  
04/30/2022 05:53:37 PM : __main__ : 84 : Getting team stats 
04/30/2022 05:53:37 PM : __main__ : 85 : url: https://www.basketball-reference.com/leagues/NBA_2019.html 
04/30/2022 05:53:37 PM : __main__ : 94 : Stats captured 
04/30/2022 05:53:38 PM : __main__ : 106 : Row_xpath2: //div[@id='div_advanced-team']//td/a[contains(text(), 'Golden State Warriors')]/../../* 
04/30/2022 05:53:38 PM : __main__ : 113 : Stats captured 2  
04/30/2022 05:53:38 PM : __main__ : 84 : Getting team stats 
04/30/2022 05:53:38 PM : __main__ : 85 : url: https://www.basketball-reference.com/leagues/NBA_2019.html 
04/30/2022 05:53:38 PM : __main__ : 94 : Stats captured 
04/30/2022 05:53:38 PM : __main__ : 106 : Row_xpath2: //div[@id='div_advanced-team']//td/a[contains(text(), 'Milwaukee Bucks')]/../../* 
04/30/2022 05:53:38 PM : __main__ : 113 : Stats captured 2  
04/30/2022 05:53:39 PM : __main__ : 84 : Getting team stats 
04/30/2022 05:53:39 PM : __main__ : 85 : url: https://www.basketball-reference.com/leagues/NBA_2019.html 
04/30/2022 05:53:39 PM : __main__ : 94 : Stats captured 
04/30/2022 05:53:39 PM : __main__ : 106 : Row_xpath2: //div[@id='div_advanced-team']//td/a[contains(text(), 'Toronto Raptors')]/../../* 
04/30/2022 05:53:39 PM : __main__ : 113 : Stats captured 2  
04/30/2022 05:53:39 PM : __main__ : 84 : Getting team stats 
04/30/2022 05:53:39 PM : __main__ : 85 : url: https://www.basketball-reference.com/leagues/NBA_2019.html 
04/30/2022 05:53:39 PM : __main__ : 94 : Stats captured 
04/30/2022 05:53:39 PM : __main__ : 106 : Row_xpath2: //div[@id='div_advanced-team']//td/a[contains(text(), 'Golden State Warriors')]/../../* 
04/30/2022 05:53:39 PM : __main__ : 113 : Stats captured 2  
04/30/2022 05:53:39 PM : __main__ : 84 : Getting team stats 
04/30/2022 05:53:39 PM : __main__ : 85 : url: https://www.basketball-reference.com/leagues/NBA_2019.html 
04/30/2022 05:53:39 PM : __main__ : 94 : Stats captured 
04/30/2022 05:53:40 PM : __main__ : 106 : Row_xpath2: //div[@id='div_advanced-team']//td/a[contains(text(), 'Portland Trail Blazers')]/../../* 
04/30/2022 05:53:40 PM : __main__ : 113 : Stats captured 2  
04/30/2022 05:53:40 PM : __main__ : 84 : Getting team stats 
04/30/2022 05:53:40 PM : __main__ : 85 : url: https://www.basketball-reference.com/leagues/NBA_2019.html 
04/30/2022 05:53:40 PM : __main__ : 94 : Stats captured 
04/30/2022 05:53:40 PM : __main__ : 106 : Row_xpath2: //div[@id='div_advanced-team']//td/a[contains(text(), 'Boston Celtics')]/../../* 
04/30/2022 05:53:40 PM : __main__ : 113 : Stats captured 2  
04/30/2022 05:53:41 PM : __main__ : 84 : Getting team stats 
04/30/2022 05:53:41 PM : __main__ : 85 : url: https://www.basketball-reference.com/leagues/NBA_2019.html 
04/30/2022 05:53:41 PM : __main__ : 94 : Stats captured 
04/30/2022 05:53:41 PM : __main__ : 106 : Row_xpath2: //div[@id='div_advanced-team']//td/a[contains(text(), 'Milwaukee Bucks')]/../../* 
04/30/2022 05:53:41 PM : __main__ : 113 : Stats captured 2  
04/30/2022 05:53:42 PM : __main__ : 84 : Getting team stats 
04/30/2022 05:53:42 PM : __main__ : 85 : url: https://www.basketball-reference.com/leagues/NBA_2019.html 
04/30/2022 05:53:42 PM : __main__ : 94 : Stats captured 
04/30/2022 05:53:43 PM : __main__ : 106 : Row_xpath2: //div[@id='div_advanced-team']//td/a[contains(text(), 'Philadelphia 76ers')]/../../* 
04/30/2022 05:53:43 PM : __main__ : 113 : Stats captured 2  
04/30/2022 05:53:43 PM : __main__ : 84 : Getting team stats 
04/30/2022 05:53:43 PM : __main__ : 85 : url: https://www.basketball-reference.com/leagues/NBA_2019.html 
04/30/2022 05:53:43 PM : __main__ : 94 : Stats captured 
04/30/2022 05:53:43 PM : __main__ : 106 : Row_xpath2: //div[@id='div_advanced-team']//td/a[contains(text(), 'Toronto Raptors')]/../../* 
04/30/2022 05:53:43 PM : __main__ : 113 : Stats captured 2  
04/30/2022 05:53:43 PM : __main__ : 84 : Getting team stats 
04/30/2022 05:53:43 PM : __main__ : 85 : url: https://www.basketball-reference.com/leagues/NBA_2019.html 
04/30/2022 05:53:43 PM : __main__ : 94 : Stats captured 
04/30/2022 05:53:44 PM : __main__ : 106 : Row_xpath2: //div[@id='div_advanced-team']//td/a[contains(text(), 'Denver Nuggets')]/../../* 
04/30/2022 05:53:44 PM : __main__ : 113 : Stats captured 2  
04/30/2022 05:53:44 PM : __main__ : 84 : Getting team stats 
04/30/2022 05:53:44 PM : __main__ : 85 : url: https://www.basketball-reference.com/leagues/NBA_2019.html 
04/30/2022 05:53:44 PM : __main__ : 94 : Stats captured 
04/30/2022 05:53:44 PM : __main__ : 106 : Row_xpath2: //div[@id='div_advanced-team']//td/a[contains(text(), 'Golden State Warriors')]/../../* 
04/30/2022 05:53:44 PM : __main__ : 113 : Stats captured 2  
04/30/2022 05:53:44 PM : __main__ : 84 : Getting team stats 
04/30/2022 05:53:44 PM : __main__ : 85 : url: https://www.basketball-reference.com/leagues/NBA_2019.html 
04/30/2022 05:53:44 PM : __main__ : 94 : Stats captured 
04/30/2022 05:53:45 PM : __main__ : 106 : Row_xpath2: //div[@id='div_advanced-team']//td/a[contains(text(), 'Houston Rockets')]/../../* 
04/30/2022 05:53:45 PM : __main__ : 113 : Stats captured 2  
04/30/2022 05:53:45 PM : __main__ : 84 : Getting team stats 
04/30/2022 05:53:45 PM : __main__ : 85 : url: https://www.basketball-reference.com/leagues/NBA_2019.html 
04/30/2022 05:53:45 PM : __main__ : 94 : Stats captured 
04/30/2022 05:53:46 PM : __main__ : 106 : Row_xpath2: //div[@id='div_advanced-team']//td/a[contains(text(), 'Portland Trail Blazers')]/../../* 
04/30/2022 05:53:46 PM : __main__ : 113 : Stats captured 2  
04/30/2022 05:53:46 PM : __main__ : 84 : Getting team stats 
04/30/2022 05:53:46 PM : __main__ : 85 : url: https://www.basketball-reference.com/leagues/NBA_2019.html 
04/30/2022 05:53:46 PM : __main__ : 94 : Stats captured 
04/30/2022 05:53:46 PM : __main__ : 106 : Row_xpath2: //div[@id='div_advanced-team']//td/a[contains(text(), 'Golden State Warriors')]/../../* 
04/30/2022 05:53:46 PM : __main__ : 113 : Stats captured 2  
04/30/2022 05:53:46 PM : __main__ : 84 : Getting team stats 
04/30/2022 05:53:46 PM : __main__ : 85 : url: https://www.basketball-reference.com/leagues/NBA_2019.html 
04/30/2022 05:53:46 PM : __main__ : 94 : Stats captured 
04/30/2022 05:53:46 PM : __main__ : 106 : Row_xpath2: //div[@id='div_advanced-team']//td/a[contains(text(), 'Milwaukee Bucks')]/../../* 
04/30/2022 05:53:46 PM : __main__ : 113 : Stats captured 2  
04/30/2022 05:53:46 PM : __main__ : 84 : Getting team stats 
04/30/2022 05:53:46 PM : __main__ : 85 : url: https://www.basketball-reference.com/leagues/NBA_2019.html 
04/30/2022 05:53:46 PM : __main__ : 94 : Stats captured 
04/30/2022 05:53:47 PM : __main__ : 106 : Row_xpath2: //div[@id='div_advanced-team']//td/a[contains(text(), 'Portland Trail Blazers')]/../../* 
04/30/2022 05:53:47 PM : __main__ : 113 : Stats captured 2  
04/30/2022 05:53:47 PM : __main__ : 84 : Getting team stats 
04/30/2022 05:53:47 PM : __main__ : 85 : url: https://www.basketball-reference.com/leagues/NBA_2019.html 
04/30/2022 05:53:47 PM : __main__ : 94 : Stats captured 
04/30/2022 05:53:47 PM : __main__ : 106 : Row_xpath2: //div[@id='div_advanced-team']//td/a[contains(text(), 'Boston Celtics')]/../../* 
04/30/2022 05:53:47 PM : __main__ : 113 : Stats captured 2  
04/30/2022 05:53:47 PM : __main__ : 84 : Getting team stats 
04/30/2022 05:53:47 PM : __main__ : 85 : url: https://www.basketball-reference.com/leagues/NBA_2019.html 
04/30/2022 05:53:47 PM : __main__ : 94 : Stats captured 
04/30/2022 05:53:47 PM : __main__ : 106 : Row_xpath2: //div[@id='div_advanced-team']//td/a[contains(text(), 'Philadelphia 76ers')]/../../* 
04/30/2022 05:53:48 PM : __main__ : 113 : Stats captured 2  
04/30/2022 05:53:48 PM : __main__ : 84 : Getting team stats 
04/30/2022 05:53:48 PM : __main__ : 85 : url: https://www.basketball-reference.com/leagues/NBA_2019.html 
04/30/2022 05:53:48 PM : __main__ : 94 : Stats captured 
04/30/2022 05:53:48 PM : __main__ : 106 : Row_xpath2: //div[@id='div_advanced-team']//td/a[contains(text(), 'Houston Rockets')]/../../* 
04/30/2022 05:53:48 PM : __main__ : 113 : Stats captured 2  
04/30/2022 05:53:48 PM : __main__ : 84 : Getting team stats 
04/30/2022 05:53:48 PM : __main__ : 85 : url: https://www.basketball-reference.com/leagues/NBA_2019.html 
04/30/2022 05:53:48 PM : __main__ : 94 : Stats captured 
04/30/2022 05:53:48 PM : __main__ : 106 : Row_xpath2: //div[@id='div_advanced-team']//td/a[contains(text(), 'Denver Nuggets')]/../../* 
04/30/2022 05:53:48 PM : __main__ : 113 : Stats captured 2  
04/30/2022 05:53:49 PM : __main__ : 84 : Getting team stats 
04/30/2022 05:53:49 PM : __main__ : 85 : url: https://www.basketball-reference.com/leagues/NBA_2019.html 
04/30/2022 05:53:49 PM : __main__ : 94 : Stats captured 
04/30/2022 05:53:49 PM : __main__ : 106 : Row_xpath2: //div[@id='div_advanced-team']//td/a[contains(text(), 'Indiana Pacers')]/../../* 
04/30/2022 05:53:49 PM : __main__ : 113 : Stats captured 2  
04/30/2022 05:53:49 PM : __main__ : 84 : Getting team stats 
04/30/2022 05:53:49 PM : __main__ : 85 : url: https://www.basketball-reference.com/leagues/NBA_2019.html 
04/30/2022 05:53:49 PM : __main__ : 94 : Stats captured 
04/30/2022 05:53:50 PM : __main__ : 106 : Row_xpath2: //div[@id='div_advanced-team']//td/a[contains(text(), 'Detroit Pistons')]/../../* 
04/30/2022 05:53:50 PM : __main__ : 113 : Stats captured 2  
04/30/2022 05:53:50 PM : __main__ : 84 : Getting team stats 
04/30/2022 05:53:50 PM : __main__ : 85 : url: https://www.basketball-reference.com/leagues/NBA_2019.html 
04/30/2022 05:53:50 PM : __main__ : 94 : Stats captured 
04/30/2022 05:53:51 PM : __main__ : 106 : Row_xpath2: //div[@id='div_advanced-team']//td/a[contains(text(), 'Brooklyn Nets')]/../../* 
04/30/2022 05:53:51 PM : __main__ : 113 : Stats captured 2  
04/30/2022 05:53:51 PM : __main__ : 84 : Getting team stats 
04/30/2022 05:53:51 PM : __main__ : 85 : url: https://www.basketball-reference.com/leagues/NBA_2019.html 
04/30/2022 05:53:51 PM : __main__ : 94 : Stats captured 
04/30/2022 05:53:52 PM : __main__ : 106 : Row_xpath2: //div[@id='div_advanced-team']//td/a[contains(text(), 'Orlando Magic')]/../../* 
04/30/2022 05:53:52 PM : __main__ : 113 : Stats captured 2  
04/30/2022 05:53:52 PM : __main__ : 84 : Getting team stats 
04/30/2022 05:53:52 PM : __main__ : 85 : url: https://www.basketball-reference.com/leagues/NBA_2019.html 
04/30/2022 05:53:52 PM : __main__ : 94 : Stats captured 
04/30/2022 05:53:52 PM : __main__ : 106 : Row_xpath2: //div[@id='div_advanced-team']//td/a[contains(text(), 'San Antonio Spurs')]/../../* 
04/30/2022 05:53:52 PM : __main__ : 113 : Stats captured 2  
04/30/2022 05:53:53 PM : __main__ : 84 : Getting team stats 
04/30/2022 05:53:53 PM : __main__ : 85 : url: https://www.basketball-reference.com/leagues/NBA_2019.html 
04/30/2022 05:53:53 PM : __main__ : 94 : Stats captured 
04/30/2022 05:53:53 PM : __main__ : 106 : Row_xpath2: //div[@id='div_advanced-team']//td/a[contains(text(), 'Los Angeles Clippers')]/../../* 
04/30/2022 05:53:53 PM : __main__ : 113 : Stats captured 2  
04/30/2022 05:53:54 PM : __main__ : 84 : Getting team stats 
04/30/2022 05:53:54 PM : __main__ : 85 : url: https://www.basketball-reference.com/leagues/NBA_2019.html 
04/30/2022 05:53:54 PM : __main__ : 94 : Stats captured 
04/30/2022 05:53:54 PM : __main__ : 106 : Row_xpath2: //div[@id='div_advanced-team']//td/a[contains(text(), 'Utah Jazz')]/../../* 
04/30/2022 05:53:54 PM : __main__ : 113 : Stats captured 2  
04/30/2022 05:53:55 PM : __main__ : 84 : Getting team stats 
04/30/2022 05:53:55 PM : __main__ : 85 : url: https://www.basketball-reference.com/leagues/NBA_2019.html 
04/30/2022 05:53:55 PM : __main__ : 94 : Stats captured 
04/30/2022 05:53:55 PM : __main__ : 106 : Row_xpath2: //div[@id='div_advanced-team']//td/a[contains(text(), 'Oklahoma City Thunder')]/../../* 
04/30/2022 05:53:55 PM : __main__ : 113 : Stats captured 2  
